[    0.000000] Initializing cgroup subsys cpuset
[    0.000000] Initializing cgroup subsys cpu
[    0.000000] Initializing cgroup subsys cpuacct
[    0.000000] Linux version 4.4.0-165-generic (buildd@lgw01-amd64-027) (gcc version 5.4.0 20160609 (Ubuntu 5.4.0-6ubuntu1~16.04.10) ) #193-Ubuntu SMP Tue Sep 17 17:42:52 UTC 2019 (Ubuntu 4.4.0-165.193-generic 4.4.189)
[    0.000000] Command line: BOOT_IMAGE=/boot/vmlinuz-4.4.0-165-generic root=LABEL=cloudimg-rootfs ro console=tty1 console=ttyS0
[    0.000000] KERNEL supported cpus:
[    0.000000]   Intel GenuineIntel
[    0.000000]   AMD AuthenticAMD
[    0.000000]   Centaur CentaurHauls
[    0.000000] x86/fpu: xstate_offset[2]:  576, xstate_sizes[2]:  256
[    0.000000] x86/fpu: Supporting XSAVE feature 0x01: 'x87 floating point registers'
[    0.000000] x86/fpu: Supporting XSAVE feature 0x02: 'SSE registers'
[    0.000000] x86/fpu: Supporting XSAVE feature 0x04: 'AVX registers'
[    0.000000] x86/fpu: Enabled xstate features 0x7, context size is 832 bytes, using 'standard' format.
[    0.000000] e820: BIOS-provided physical RAM map:
[    0.000000] BIOS-e820: [mem 0x0000000000000000-0x000000000009fbff] usable
[    0.000000] BIOS-e820: [mem 0x000000000009fc00-0x000000000009ffff] reserved
[    0.000000] BIOS-e820: [mem 0x00000000000f0000-0x00000000000fffff] reserved
[    0.000000] BIOS-e820: [mem 0x0000000000100000-0x000000003ffeffff] usable
[    0.000000] BIOS-e820: [mem 0x000000003fff0000-0x000000003fffffff] ACPI data
[    0.000000] BIOS-e820: [mem 0x00000000fec00000-0x00000000fec00fff] reserved
[    0.000000] BIOS-e820: [mem 0x00000000fee00000-0x00000000fee00fff] reserved
[    0.000000] BIOS-e820: [mem 0x00000000fffc0000-0x00000000ffffffff] reserved
[    0.000000] NX (Execute Disable) protection: active
[    0.000000] SMBIOS 2.5 present.
[    0.000000] Hypervisor detected: KVM
[    0.000000] Kernel/User page tables isolation: disabled
[    0.000000] e820: last_pfn = 0x3fff0 max_arch_pfn = 0x400000000
[    0.000000] MTRR: Disabled
[    0.000000] x86/PAT: MTRRs disabled, skipping PAT initialization too.
[    0.000000] CPU MTRRs all blank - virtualized system.
[    0.000000] x86/PAT: Configuration [0-7]: WB  WT  UC- UC  WB  WT  UC- UC  
[    0.000000] found SMP MP-table at [mem 0x0009fff0-0x0009ffff] mapped at [ffff88000009fff0]
[    0.000000] Scanning 1 areas for low memory corruption
[    0.000000] RAMDISK: [mem 0x362fa000-0x37174fff]
[    0.000000] ACPI: Early table checksum verification disabled
[    0.000000] ACPI: RSDP 0x00000000000E0000 000024 (v02 VBOX  )
[    0.000000] ACPI: XSDT 0x000000003FFF0030 00003C (v01 VBOX   VBOXXSDT 00000001 ASL  00000061)
[    0.000000] ACPI: FACP 0x000000003FFF00F0 0000F4 (v04 VBOX   VBOXFACP 00000001 ASL  00000061)
[    0.000000] ACPI: DSDT 0x000000003FFF0470 0022EA (v02 VBOX   VBOXBIOS 00000002 INTL 20100528)
[    0.000000] ACPI: FACS 0x000000003FFF0200 000040
[    0.000000] ACPI: FACS 0x000000003FFF0200 000040
[    0.000000] ACPI: APIC 0x000000003FFF0240 00005C (v02 VBOX   VBOXAPIC 00000001 ASL  00000061)
[    0.000000] ACPI: SSDT 0x000000003FFF02A0 0001CC (v01 VBOX   VBOXCPUT 00000002 INTL 20100528)
[    0.000000] No NUMA configuration found
[    0.000000] Faking a node at [mem 0x0000000000000000-0x000000003ffeffff]
[    0.000000] NODE_DATA(0) allocated [mem 0x3ffeb000-0x3ffeffff]
[    0.000000] kvm-clock: Using msrs 4b564d01 and 4b564d00
[    0.000000] kvm-clock: cpu 0, msr 0:3ffe3001, primary cpu clock
[    0.000000] kvm-clock: using sched offset of 4107482614 cycles
[    0.000000] clocksource: kvm-clock: mask: 0xffffffffffffffff max_cycles: 0x1cd42e4dffb, max_idle_ns: 881590591483 ns
[    0.000000] Zone ranges:
[    0.000000]   DMA      [mem 0x0000000000001000-0x0000000000ffffff]
[    0.000000]   DMA32    [mem 0x0000000001000000-0x000000003ffeffff]
[    0.000000]   Normal   empty
[    0.000000]   Device   empty
[    0.000000] Movable zone start for each node
[    0.000000] Early memory node ranges
[    0.000000]   node   0: [mem 0x0000000000001000-0x000000000009efff]
[    0.000000]   node   0: [mem 0x0000000000100000-0x000000003ffeffff]
[    0.000000] Initmem setup node 0 [mem 0x0000000000001000-0x000000003ffeffff]
[    0.000000] ACPI: PM-Timer IO Port: 0x4008
[    0.000000] IOAPIC[0]: apic_id 2, version 32, address 0xfec00000, GSI 0-23
[    0.000000] ACPI: INT_SRC_OVR (bus 0 bus_irq 0 global_irq 2 dfl dfl)
[    0.000000] ACPI: INT_SRC_OVR (bus 0 bus_irq 9 global_irq 9 low level)
[    0.000000] Using ACPI (MADT) for SMP configuration information
[    0.000000] smpboot: Allowing 2 CPUs, 0 hotplug CPUs
[    0.000000] PM: Registered nosave memory: [mem 0x00000000-0x00000fff]
[    0.000000] PM: Registered nosave memory: [mem 0x0009f000-0x0009ffff]
[    0.000000] PM: Registered nosave memory: [mem 0x000a0000-0x000effff]
[    0.000000] PM: Registered nosave memory: [mem 0x000f0000-0x000fffff]
[    0.000000] e820: [mem 0x40000000-0xfebfffff] available for PCI devices
[    0.000000] Booting paravirtualized kernel on KVM
[    0.000000] clocksource: refined-jiffies: mask: 0xffffffff max_cycles: 0xffffffff, max_idle_ns: 7645519600211568 ns
[    0.000000] setup_percpu: NR_CPUS:512 nr_cpumask_bits:512 nr_cpu_ids:2 nr_node_ids:1
[    0.000000] PERCPU: Embedded 34 pages/cpu @ffff88003fc00000 s99544 r8192 d31528 u1048576
[    0.000000] Built 1 zonelists in Node order, mobility grouping on.  Total pages: 257912
[    0.000000] Policy zone: DMA32
[    0.000000] Kernel command line: BOOT_IMAGE=/boot/vmlinuz-4.4.0-165-generic root=LABEL=cloudimg-rootfs ro console=tty1 console=ttyS0
[    0.000000] PID hash table entries: 4096 (order: 3, 32768 bytes)
[    0.000000] Memory: 997732K/1048120K available (8621K kernel code, 1335K rwdata, 4032K rodata, 1484K init, 1284K bss, 50388K reserved, 0K cma-reserved)
[    0.000000] SLUB: HWalign=64, Order=0-3, MinObjects=0, CPUs=2, Nodes=1
[    0.000000] Hierarchical RCU implementation.
[    0.000000] 	Build-time adjustment of leaf fanout to 64.
[    0.000000] 	RCU restricting CPUs from NR_CPUS=512 to nr_cpu_ids=2.
[    0.000000] RCU: Adjusting geometry for rcu_fanout_leaf=64, nr_cpu_ids=2
[    0.000000] NR_IRQS:33024 nr_irqs:440 16
[    0.000000] Console: colour VGA+ 80x25
[    0.000000] console [tty1] enabled
[    0.000000] console [ttyS0] enabled
[    0.000000] tsc: Detected 1992.002 MHz processor
[    0.261254] Calibrating delay loop (skipped) preset value.. 3984.00 BogoMIPS (lpj=7968008)
[    0.262680] pid_max: default: 32768 minimum: 301
[    0.263410] ACPI: Core revision 20150930
[    0.264783] ACPI: 2 ACPI AML tables successfully acquired and loaded
[    0.265772] Security Framework initialized
[    0.266443] Yama: becoming mindful.
[    0.267029] AppArmor: AppArmor initialized
[    0.267826] Dentry cache hash table entries: 131072 (order: 8, 1048576 bytes)
[    0.269056] Inode-cache hash table entries: 65536 (order: 7, 524288 bytes)
[    0.278582] Mount-cache hash table entries: 2048 (order: 2, 16384 bytes)
[    0.279976] Mountpoint-cache hash table entries: 2048 (order: 2, 16384 bytes)
[    0.281383] Initializing cgroup subsys io
[    0.282081] Initializing cgroup subsys memory
[    0.282767] Initializing cgroup subsys devices
[    0.283459] Initializing cgroup subsys freezer
[    0.284158] Initializing cgroup subsys net_cls
[    0.285497] Initializing cgroup subsys perf_event
[    0.286342] Initializing cgroup subsys net_prio
[    0.287050] Initializing cgroup subsys hugetlb
[    0.287759] Initializing cgroup subsys pids
[    0.289508] mce: CPU supports 0 MCE banks
[    0.290163] Last level iTLB entries: 4KB 64, 2MB 8, 4MB 8
[    0.290922] Last level dTLB entries: 4KB 64, 2MB 0, 4MB 0, 1GB 4
[    0.291660] Spectre V1 : Mitigation: usercopy/swapgs barriers and __user pointer sanitization
[    0.292782] Spectre V2 : Mitigation: Enhanced IBRS
[    0.293427] Spectre V2 : Spectre v2 / SpectreRSB mitigation: Filling RSB on context switch
[    0.294566] Speculative Store Bypass: Vulnerable
[    0.297428] Freeing SMP alternatives memory: 36K
[    0.307077] ftrace: allocating 32318 entries in 127 pages
[    0.404604] smpboot: APIC(0) Converting physical 0 to logical package 0
[    0.407033] smpboot: Max logical packages: 1
[    0.409155] x2apic enabled
[    0.410927] Switched APIC routing to physical x2apic.
[    0.414955] ..TIMER: vector=0x30 apic1=0 pin1=2 apic2=-1 pin2=-1
[    0.521601] smpboot: CPU0: Intel(R) Core(TM) i7-8565U CPU @ 1.80GHz (family: 0x6, model: 0x8e, stepping: 0xc)
[    0.525592] Performance Events: unsupported p6 CPU model 142 no PMU driver, software events only.
[    0.544601] KVM setup paravirtual spinlock
[    0.547636] x86: Booting SMP configuration:
[    0.549219] .... node  #0, CPUs:      #1
[    0.551019] kvm-clock: cpu 1, msr 0:3ffe3041, secondary cpu clock
[    0.554550] mce: CPU supports 0 MCE banks
[    0.557515] x86: Booted up 1 node, 2 CPUs
[    0.559507] smpboot: Total of 2 processors activated (7968.00 BogoMIPS)
[    0.562533] devtmpfs: initialized
[    0.569124] evm: security.selinux
[    0.570766] evm: security.SMACK64
[    0.572186] evm: security.SMACK64EXEC
[    0.573747] evm: security.SMACK64TRANSMUTE
[    0.575493] evm: security.SMACK64MMAP
[    0.577073] evm: security.ima
[    0.578523] evm: security.capability
[    0.580384] clocksource: jiffies: mask: 0xffffffff max_cycles: 0xffffffff, max_idle_ns: 7645041785100000 ns
[    0.584228] futex hash table entries: 512 (order: 3, 32768 bytes)
[    0.586809] pinctrl core: initialized pinctrl subsystem
[    0.588993] RTC time:  8:35:59, date: 10/11/19
[    0.602968] NET: Registered protocol family 16
[    0.617669] cpuidle: using governor ladder
[    0.629842] cpuidle: using governor menu
[    0.631630] PCCT header not found.
[    0.633406] ACPI: bus type PCI registered
[    0.635380] acpiphp: ACPI Hot Plug PCI Controller Driver version: 0.5
[    0.638295] PCI: Using configuration type 1 for base access
[    0.655476] ACPI: Added _OSI(Module Device)
[    0.657567] ACPI: Added _OSI(Processor Device)
[    0.659858] ACPI: Added _OSI(3.0 _SCP Extensions)
[    0.662294] ACPI: Added _OSI(Processor Aggregator Device)
[    0.666520] ACPI: Executed 1 blocks of module-level executable AML code
[    0.674308] ACPI: Interpreter enabled
[    0.676252] ACPI: (supports S0 S5)
[    0.678280] ACPI: Using IOAPIC for interrupt routing
[    0.680754] PCI: Using host bridge windows from ACPI; if necessary, use "pci=nocrs" and report a bug
[    0.690736] ACPI: PCI Root Bridge [PCI0] (domain 0000 [bus 00-ff])
[    0.692918] acpi PNP0A03:00: _OSC: OS supports [ASPM ClockPM Segments MSI]
[    0.696167] acpi PNP0A03:00: _OSC: not requesting OS control; OS requires [ExtendedConfig ASPM ClockPM MSI]
[    0.699928] acpi PNP0A03:00: fail to add MMCONFIG information, can't access extended PCI configuration space under this bridge.
[    0.704544] PCI host bridge to bus 0000:00
[    0.706200] pci_bus 0000:00: root bus resource [io  0x0000-0x0cf7 window]
[    0.708536] pci_bus 0000:00: root bus resource [io  0x0d00-0xffff window]
[    0.711140] pci_bus 0000:00: root bus resource [mem 0x000a0000-0x000bffff window]
[    0.714119] pci_bus 0000:00: root bus resource [mem 0x40000000-0xfdffffff window]
[    0.717316] pci_bus 0000:00: root bus resource [bus 00-ff]
[    0.722719] pci 0000:00:01.1: legacy IDE quirk: reg 0x10: [io  0x01f0-0x01f7]
[    0.725181] pci 0000:00:01.1: legacy IDE quirk: reg 0x14: [io  0x03f6]
[    0.727645] pci 0000:00:01.1: legacy IDE quirk: reg 0x18: [io  0x0170-0x0177]
[    0.730307] pci 0000:00:01.1: legacy IDE quirk: reg 0x1c: [io  0x0376]
[    0.753222] pci 0000:00:07.0: quirk: [io  0x4000-0x403f] claimed by PIIX4 ACPI
[    0.775531] pci 0000:00:07.0: quirk: [io  0x4100-0x410f] claimed by PIIX4 SMB
[    0.785158] ACPI: PCI Interrupt Link [LNKA] (IRQs 5 9 10 *11)
[    0.788606] ACPI: PCI Interrupt Link [LNKB] (IRQs 5 9 *10 11)
[    0.791834] ACPI: PCI Interrupt Link [LNKC] (IRQs 5 *9 10 11)
[    0.794899] ACPI: PCI Interrupt Link [LNKD] (IRQs 5 9 10 *11)
[    0.798155] ACPI: Enabled 2 GPEs in block 00 to 07
[    0.800552] vgaarb: setting as boot device: PCI:0000:00:02.0
[    0.802752] vgaarb: device added: PCI:0000:00:02.0,decodes=io+mem,owns=io+mem,locks=none
[    0.805896] vgaarb: loaded
[    0.807231] vgaarb: bridge control possible 0000:00:02.0
[    0.809610] SCSI subsystem initialized
[    0.811350] ACPI: bus type USB registered
[    0.812980] usbcore: registered new interface driver usbfs
[    0.815203] usbcore: registered new interface driver hub
[    0.817155] usbcore: registered new device driver usb
[    0.819526] PCI: Using ACPI for IRQ routing
[    0.821649] NetLabel: Initializing
[    0.823142] NetLabel:  domain hash size = 128
[    0.824857] NetLabel:  protocols = UNLABELED CIPSOv4
[    0.826833] NetLabel:  unlabeled traffic allowed by default
[    0.829079] amd_nb: Cannot enumerate AMD northbridges
[    0.831042] clocksource: Switched to clocksource kvm-clock
[    0.875711] AppArmor: AppArmor Filesystem Enabled
[    0.877792] pnp: PnP ACPI init
[    0.880494] pnp: PnP ACPI: found 3 devices
[    0.895310] clocksource: acpi_pm: mask: 0xffffff max_cycles: 0xffffff, max_idle_ns: 2085701024 ns
[    0.898631] NET: Registered protocol family 2
[    0.900660] TCP established hash table entries: 8192 (order: 4, 65536 bytes)
[    0.903260] TCP bind hash table entries: 8192 (order: 5, 131072 bytes)
[    0.905557] TCP: Hash tables configured (established 8192 bind 8192)
[    0.907850] UDP hash table entries: 512 (order: 2, 16384 bytes)
[    0.910139] UDP-Lite hash table entries: 512 (order: 2, 16384 bytes)
[    0.912461] NET: Registered protocol family 1
[    0.914147] pci 0000:00:00.0: Limiting direct PCI/PCI transfers
[    0.916399] pci 0000:00:01.0: Activating ISA DMA hang workarounds
[    0.933633] Unpacking initramfs...
[    1.694475] Freeing initrd memory: 14828K
[    1.696509] clocksource: tsc: mask: 0xffffffffffffffff max_cycles: 0x396d566cf43, max_idle_ns: 881590760263 ns
[    1.700276] platform rtc_cmos: registered platform RTC device (no PNP device found)
[    1.703330] Scanning for low memory corruption every 60 seconds
[    1.706551] audit: initializing netlink subsys (disabled)
[    1.708398] audit: type=2000 audit(1570782966.141:1): initialized
[    1.710820] Initialise system trusted keyring
[    1.712581] HugeTLB registered 2 MB page size, pre-allocated 0 pages
[    1.716710] zbud: loaded
[    1.718227] VFS: Disk quotas dquot_6.6.0
[    1.719829] VFS: Dquot-cache hash table entries: 512 (order 0, 4096 bytes)
[    1.722424] squashfs: version 4.0 (2009/01/31) Phillip Lougher
[    1.724951] fuse init (API version 7.23)
[    1.726692] Key type big_key registered
[    1.728069] Allocating IMA MOK and blacklist keyrings.
[    1.754637] Key type asymmetric registered
[    1.756468] Asymmetric key parser 'x509' registered
[    1.758382] Block layer SCSI generic (bsg) driver version 0.4 loaded (major 249)
[    1.761574] io scheduler noop registered
[    1.763256] io scheduler deadline registered (default)
[    1.765282] io scheduler cfq registered
[    1.767039] pci_hotplug: PCI Hot Plug PCI Core version: 0.5
[    1.769127] pciehp: PCI Express Hot Plug Controller Driver version: 0.4
[    1.771716] ACPI: AC Adapter [AC] (off-line)
[    1.773547] input: Power Button as /devices/LNXSYSTM:00/LNXPWRBN:00/input/input0
[    1.776684] ACPI: Power Button [PWRF]
[    1.778316] input: Sleep Button as /devices/LNXSYSTM:00/LNXSLPBN:00/input/input1
[    1.781319] ACPI: Sleep Button [SLPF]
[    1.783273] GHES: HEST is not enabled!
[    1.784402] ACPI: Battery Slot [BAT0] (battery present)
[    1.787278] Serial: 8250/16550 driver, 32 ports, IRQ sharing enabled
[    1.810714] 00:02: ttyS0 at I/O 0x3f8 (irq = 4, base_baud = 115200) is a 16550A
[    1.823381] Linux agpgart interface v0.103
[    1.829319] loop: module loaded
[    1.832392] scsi host0: ata_piix
[    1.834178] scsi host1: ata_piix
[    1.836448] ata1: PATA max UDMA/33 cmd 0x1f0 ctl 0x3f6 bmdma 0xd000 irq 14
[    1.838855] ata2: PATA max UDMA/33 cmd 0x170 ctl 0x376 bmdma 0xd008 irq 15
[    1.841551] libphy: Fixed MDIO Bus: probed
[    1.843380] tun: Universal TUN/TAP device driver, 1.6
[    1.845336] tun: (C) 1999-2004 Max Krasnyansky <maxk@qualcomm.com>
[    1.847723] PPP generic driver version 2.4.2
[    1.849624] ehci_hcd: USB 2.0 'Enhanced' Host Controller (EHCI) Driver
[    1.851966] ehci-pci: EHCI PCI platform driver
[    1.853702] ehci-platform: EHCI generic platform driver
[    1.856011] ohci_hcd: USB 1.1 'Open' Host Controller (OHCI) Driver
[    1.858112] ohci-pci: OHCI PCI platform driver
[    1.859896] ohci-platform: OHCI generic platform driver
[    1.861947] uhci_hcd: USB Universal Host Controller Interface driver
[    1.864435] i8042: PNP: PS/2 Controller [PNP0303:PS2K,PNP0f03:PS2M] at 0x60,0x64 irq 1,12
[    1.868434] serio: i8042 KBD port at 0x60,0x64 irq 1
[    1.870469] serio: i8042 AUX port at 0x60,0x64 irq 12
[    1.872783] mousedev: PS/2 mouse device common for all mice
[    1.875528] input: AT Translated Set 2 keyboard as /devices/platform/i8042/serio0/input/input2
[    1.879483] rtc_cmos rtc_cmos: rtc core: registered rtc_cmos as rtc0
[    1.881831] rtc_cmos rtc_cmos: alarms up to one day, 114 bytes nvram
[    1.884172] i2c /dev entries driver
[    1.885741] device-mapper: uevent: version 1.0.3
[    1.887829] device-mapper: ioctl: 4.34.0-ioctl (2015-10-28) initialised: dm-devel@redhat.com
[    1.891070] ledtrig-cpu: registered to indicate activity on CPUs
[    1.893915] NET: Registered protocol family 10
[    1.896032] NET: Registered protocol family 17
[    1.897805] Key type dns_resolver registered
[    1.900155] registered taskstats version 1
[    1.901940] Loading compiled-in X.509 certificates
[    1.904998] Loaded X.509 cert 'Build time autogenerated kernel key: 0ed82eac04367aa6426493b1389455ebf6830eaa'
[    1.908709] zswap: loaded using pool lzo/zbud
[    1.913119] Key type trusted registered
[    1.919267] Key type encrypted registered
[    1.920880] AppArmor: AppArmor sha1 policy hashing enabled
[    1.922755] ima: No TPM chip found, activating TPM-bypass!
[    1.924811] ima: Allocated hash algorithm: sha1
[    1.926603] evm: HMAC attrs: 0x1
[    1.928595]   Magic number: 7:726:573
[    1.930283] rtc_cmos rtc_cmos: setting system clock to 2019-10-11 08:36:01 UTC (1570782961)
[    1.933744] BIOS EDD facility v0.16 2004-Jun-25, 0 devices found
[    1.936016] EDD information not available.
[    2.004427] Freeing unused kernel memory: 1484K
[    2.007158] Write protecting the kernel read-only data: 14336k
[    2.011557] Freeing unused kernel memory: 1608K
[    2.014657] Freeing unused kernel memory: 64K
Loading, please wait...
starting version 229
[    2.046972] random: systemd-udevd: uninitialized urandom read (16 bytes read, 3 bits of entropy available)
[    2.048337] random: udevadm: uninitialized urandom read (16 bytes read, 3 bits of entropy available)
[    2.048374] random: udevadm: uninitialized urandom read (16 bytes read, 3 bits of entropy available)
[    2.059274] random: systemd-udevd: uninitialized urandom read (16 bytes read, 3 bits of entropy available)
[    2.060652] random: udevadm: uninitialized urandom read (16 bytes read, 3 bits of entropy available)
[    2.060726] random: udevadm: uninitialized urandom read (16 bytes read, 3 bits of entropy available)
[    2.060875] random: udevadm: uninitialized urandom read (16 bytes read, 3 bits of entropy available)
[    2.060929] random: udevadm: uninitialized urandom read (16 bytes read, 3 bits of entropy available)
[    2.060978] random: udevadm: uninitialized urandom read (16 bytes read, 3 bits of entropy available)
[    2.061030] random: udevadm: uninitialized urandom read (16 bytes read, 3 bits of entropy available)
[    2.129855] e1000: Intel(R) PRO/1000 Network Driver - version 7.3.21-k8-NAPI
[    2.132551] e1000: Copyright (c) 1999-2006 Intel Corporation.
[    2.134826] Fusion MPT base driver 3.04.20
[    2.136372] Copyright (c) 1999-2008 LSI Corporation
[    2.172171] Fusion MPT SPI Host driver 3.04.20
[    2.193340] AVX2 version of gcm_enc/dec engaged.
[    2.195227] AES CTR mode by8 optimization enabled
[    2.345776] input: ImExPS/2 Generic Explorer Mouse as /devices/platform/i8042/serio1/input/input4
[    2.571585] e1000 0000:00:03.0 eth0: (PCI:33MHz:32-bit) 02:0e:9b:2d:5b:92
[    2.574654] e1000 0000:00:03.0 eth0: Intel(R) PRO/1000 Network Connection
[    2.579537] mptbase: ioc0: Initiating bringup
[    2.580625] e1000 0000:00:03.0 enp0s3: renamed from eth0
[    2.648543] ioc0: LSI53C1030 A0: Capabilities={Initiator}
[    2.819414] scsi host2: ioc0: LSI53C1030 A0, FwRev=00000000h, Ports=1, MaxQ=256, IRQ=20
[    2.935999] scsi 2:0:0:0: Direct-Access     VBOX     HARDDISK         1.0  PQ: 0 ANSI: 5
[    2.938427] scsi target2:0:0: Beginning Domain Validation
[    2.942921] scsi target2:0:0: Domain Validation skipping write tests
[    2.944895] scsi target2:0:0: Ending Domain Validation
[    2.946758] scsi target2:0:0: asynchronous
[    2.950099] scsi 2:0:1:0: Direct-Access     VBOX     HARDDISK         1.0  PQ: 0 ANSI: 5
[    2.953343] scsi target2:0:1: Beginning Domain Validation
[    2.959455] scsi target2:0:1: Domain Validation skipping write tests
[    2.961776] scsi target2:0:1: Ending Domain Validation
[    2.963932] scsi target2:0:1: asynchronous
[    2.982169] sd 2:0:0:0: Attached scsi generic sg0 type 0
[    2.982177] sd 2:0:0:0: [sda] 20971520 512-byte logical blocks: (10.7 GB/10.0 GiB)
[    3.047737] sd 2:0:1:0: Attached scsi generic sg1 type 0
[    3.050031] sd 2:0:0:0: [sda] Write Protect is off
[    3.051290] sd 2:0:1:0: [sdb] 20480 512-byte logical blocks: (10.5 MB/10.0 MiB)
[    3.051901] sd 2:0:1:0: [sdb] Write Protect is off
[    3.052320] sd 2:0:1:0: [sdb] Incomplete mode parameter data
[    3.052323] sd 2:0:1:0: [sdb] Assuming drive cache: write through
[    3.057442] sd 2:0:1:0: [sdb] Attached SCSI disk
[    3.062289] sd 2:0:0:0: [sda] Incomplete mode parameter data
[    3.064546] sd 2:0:0:0: [sda] Assuming drive cache: write through
[    3.070881]  sda: sda1
[    3.074656] sd 2:0:0:0: [sda] Attached SCSI disk
Begin: Loading essential drivers ... [    4.657710] md: linear personality registered for level -1
[    4.663754] md: multipath personality registered for level -4
[    4.669769] md: raid0 personality registered for level 0
[    4.677777] md: raid1 personality registered for level 1
[    4.751531] raid6: sse2x1   gen()  4529 MB/s
[    4.819831] raid6: sse2x1   xor()  2997 MB/s
[    4.887190] raid6: sse2x2   gen()  6387 MB/s
[    4.955506] raid6: sse2x2   xor()  4249 MB/s
[    5.023475] raid6: sse2x4   gen()  4509 MB/s
[    5.091671] raid6: sse2x4   xor()  4348 MB/s
[    5.159405] raid6: avx2x1   gen()  7824 MB/s
[    5.227864] raid6: avx2x2   gen() 11748 MB/s
[    5.295083] raid6: avx2x4   gen() 12744 MB/s
[    5.296832] raid6: using algorithm avx2x4 gen() 12744 MB/s
[    5.299361] raid6: using avx2x2 recovery algorithm
[    5.303167] xor: automatically using best checksumming function:
[    5.343500]    avx       : 10235.000 MB/sec
[    5.346950] async_tx: api initialized (async)
[    5.364114] md: raid6 personality registered for level 6
[    5.366210] md: raid5 personality registered for level 5
[    5.368498] md: raid4 personality registered for level 4
[    5.380596] md: raid10 personality registered for level 10
done.
Begin: Running /scripts/init-premount ... done.
Begin: Mounting root file system ... Begin: Running /scripts/local-top ... done.
Begin: Running /scripts/local-premount ... [    5.433170] Btrfs loaded
Scanning for Btrfs filesystems
done.
Warning: fsck not present, so skipping root file system
[    5.540498] EXT4-fs (sda1): INFO: recovery required on readonly filesystem
[    5.543755] EXT4-fs (sda1): write access will be enabled during recovery
[    5.583324] EXT4-fs (sda1): recovery complete
[    5.584190] EXT4-fs (sda1): mounted filesystem with ordered data mode. Opts: (null)
done.
Begin: Running /scripts/local-bottom ... done.
Begin: Running /scripts/init-bottom ... done.
[    5.702754] systemd[1]: systemd 229 running in system mode. (+PAM +AUDIT +SELINUX +IMA +APPARMOR +SMACK +SYSVINIT +UTMP +LIBCRYPTSETUP +GCRYPT +GNUTLS +ACL +XZ -LZ4 +SECCOMP +BLKID +ELFUTILS +KMOD -IDN)
[    5.710117] systemd[1]: Detected virtualization oracle.
[    5.712198] systemd[1]: Detected architecture x86-64.

Welcome to [1mUbuntu 16.04.6 LTS[0m!

[    5.716902] systemd[1]: Set hostname to <ubuntu-xenial>.
[    5.912073] systemd[1]: Listening on Syslog Socket.
[[0;32m  OK  [0m] Listening on Syslog Socket.
[    5.919429] systemd[1]: Listening on Journal Audit Socket.
[[0;32m  OK  [0m] Listening on Journal Audit Socket.
[    5.923417] systemd[1]: Listening on Device-mapper event daemon FIFOs.
[[0;32m  OK  [0m] Listening on Device-mapper event daemon FIFOs.
[    5.927480] systemd[1]: Set up automount Arbitrary Executable File Formats File System Automount Point.
[[0;32m  OK  [0m] Set up automount Arbitrary Executab...ats File System Automount Point.
[    5.932482] systemd[1]: Reached target Swap.
[[0;32m  OK  [0m] Reached target Swap.
[    5.935275] systemd[1]: Reached target System Time Synchronized.
[[0;32m  OK  [0m] Reached target System Time Synchronized.
[    5.938559] systemd[1]: Listening on udev Control Socket.
[[0;32m  OK  [0m] Listening on udev Control Socket.
[    5.947455] systemd[1]: Listening on LVM2 poll daemon socket.
[[0;32m  OK  [0m] Listening on LVM2 poll daemon socket.
[    5.955767] systemd[1]: Created slice User and Session Slice.
[[0;32m  OK  [0m] Created slice User and Session Slice.
[    5.967632] systemd[1]: Started Trigger resolvconf update for networkd DNS.
[[0;32m  OK  [0m] Started Trigger resolvconf update for networkd DNS.
[    5.971386] systemd[1]: Listening on Journal Socket (/dev/log).
[[0;32m  OK  [0m] Listening on Journal Socket (/dev/log).
[    5.974934] systemd[1]: Listening on Journal Socket.
[[0;32m  OK  [0m] Listening on Journal Socket.
[    5.983597] systemd[1]: Listening on /dev/initctl Compatibility Named Pipe.
[[0;32m  OK  [0m] Listening on /dev/initctl Compatibility Named Pipe.
[    5.988286] systemd[1]: Created slice System Slice.
[[0;32m  OK  [0m] Created slice System Slice.
[    6.011696] systemd[1]: Starting Uncomplicated firewall...
         Starting Uncomplicated firewall...
[    6.016161] systemd[1]: Starting Nameserver information manager...
         Starting Nameserver information manager...
[    6.044232] systemd[1]: Starting Load Kernel Modules...
         Starting Load Kernel Modules...
[    6.056775] Loading iSCSI transport class v2.0-870.
[    6.056851] systemd[1]: Starting Remount Root and Kernel File Systems...
         Starting Remount Root and Kernel File Systems...
[    6.083778] systemd[1]: Mounting POSIX Message Queue File System...
         Mounting POSIX Message Queue File System...
[    6.087111] EXT4-fs (sda1): re-mounted. Opts: (null)
[    6.089534] systemd[1]: Mounting Huge Pages File System...
         Mounting Huge Pages File System...
[    6.095081] iscsi: registered transport (tcp)
[    6.095904] systemd[1]: Mounting Debug File System...
         Mounting Debug File System...
[    6.099968] systemd[1]: Listening on LVM2 metadata daemon socket.
[[0;32m  OK  [0m] Listening on LVM2 metadata daemon socket.
[    6.127278] systemd[1]: Starting Monitoring of LVM2 mirrors, snapshots etc. using dmeventd or progress polling...
         Starting Monitoring of LVM2 mirrors... dmeventd or progress polling...
[    6.132985] systemd[1]: Reached target Encrypted Volumes.
[[0;32m  OK  [0m] Reached target Encrypted Volumes.
[    6.138704] systemd[1]: Reached target Slices.
[[0;32m  OK  [0m] Reached target Slices.
[    6.142962] systemd[1]: Listening on udev Kernel Socket.
[    6.145450] iscsi: registered transport (iser)
[[0;32m  OK  [0m] Listening on udev Kernel Socket.
[    6.148142] systemd[1]: Started Forward Password Requests to Wall Directory Watch.
[[0;32m  OK  [0m] Started Forward Password Requests to Wall Directory Watch.
[    6.153144] systemd[1]: Created slice system-serial\x2dgetty.slice.
[[0;32m  OK  [0m] Created slice system-serial\x2dgetty.slice.
[    6.188258] systemd[1]: Starting Journal Service...
         Starting Journal Service...
[    6.192441] systemd[1]: Starting Create list of required static device nodes for the current kernel...
         Starting Create list of required st... nodes for the current kernel...
[    6.218897] systemd[1]: Starting Set console keymap...
         Starting Set console keymap...
[    6.222148] systemd[1]: Reached target User and Group Name Lookups.
[[0;32m  OK  [0m] Reached target User and Group Name Lookups.
[    6.229086] systemd[1]: Mounted POSIX Message Queue File System.
[[0;32m  OK  [0m] Mounted POSIX Message Queue File System.
[    6.249823] systemd[1]: Mounted Debug File System.
[    6.251057] random: nonblocking pool is initialized
[[0;32m  OK  [0m] Mounted Debug File System.
[    6.255028] systemd[1]: Mounted Huge Pages File System.
[[0;32m  OK  [0m] Mounted Huge Pages File System.
[    6.258342] systemd[1]: Started Journal Service.
[[0;32m  OK  [0m] Started Journal Service.
[[0;32m  OK  [0m] Started Uncomplicated firewall.
[[0;32m  OK  [0m] Started Load Kernel Modules.
[[0;32m  OK  [0m] Started Remount Root and Kernel File Systems.
[[0;32m  OK  [0m] Started Create list of required sta...ce nodes for the current kernel.
[[0;32m  OK  [0m] Started Set console keymap.
[[0;32m  OK  [0m] Started Nameserver information manager.
[[0;32m  OK  [0m] Started LVM2 metadata daemon.
         Starting Create Static Device Nodes in /dev...
         Starting udev Coldplug all Devices...
         Starting Load/Save Random Seed...
         Mounting FUSE Control File System...
         Starting Apply Kernel Variables...
         Starting Flush Journal to Persistent Storage...
[[0;32m  OK  [0m] Mounted FUSE Control File System.
[[0;32m  OK  [0m] Started Create Static Device Nodes in /dev.
[[0;32m  OK  [0m] Started Load/Save Random Seed.
[[0;32m  OK  [0m] Started Apply Kernel Variables.
[[0;32m  OK  [0m] Started udev Coldplug all Devices.
[[0;32m  OK  [0m] Started Flush Journal to Persistent Storage.
         Starting udev Kernel Device Manager...
[[0;32m  OK  [0m] Started udev Kernel Device Manager.
[[0;32m  OK  [0m] Started Dispatch Password Requests to Console Directory Watch.
[[0;32m  OK  [0m] Started Monitoring of LVM2 mirrors,...ng dmeventd or progress polling.
[[0;32m  OK  [0m] Reached target Local File Systems (Pre).
[[0;32m  OK  [0m] Reached target Local File Systems.
         Starting Create Volatile Files and Directories...
         Starting Initial cloud-init job (pre-networking)...
         Starting LSB: AppArmor initialization...
         Starting Set console font and keymap...
         Starting Tell Plymouth To Write Out Runtime Data...
[[0;32m  OK  [0m] Started Create Volatile Files and Directories.
         Starting Update UTMP about System Boot/Shutdown...
[[0;32m  OK  [0m] Started Tell Plymouth To Write Out Runtime Data.
[[0;32m  OK  [0m] Started Update UTMP about System Boot/Shutdown.
[[0;32m  OK  [0m] Found device /dev/ttyS0.
[[0;32m  OK  [0m] Listening on Load/Save RF Kill Switch Status /dev/rfkill Watch.
[[0;32m  OK  [0m] Started LSB: AppArmor initialization.
[[0;32m  OK  [0m] Found device 82540EM Gigabit Ethern...r (PRO/1000 MT Desktop Adapter).
[    8.187207] cloud-init[491]: Cloud-init v. 19.2-36-g059d049c-0ubuntu1~16.04.1 running 'init-local' at Fri, 11 Oct 2019 08:36:07 +0000. Up 7.68 seconds.
[[0;32m  OK  [0m] Started Initial cloud-init job (pre-networking).
[[0;32m  OK  [0m] Reached target Network (Pre).
         Starting Raise network interfaces...
[[0;32m  OK  [0m] Started ifup for enp0s3.
[[0;32m  OK  [0m] Started Set console font and keymap.
[[0;32m  OK  [0m] Created slice system-getty.slice.
[[0;32m  OK  [0m] Started Raise network interfaces.
[[0;32m  OK  [0m] Reached target Network.
         Starting Initial cloud-init job (metadata service crawler)...
[    9.635094] cloud-init[980]: Cloud-init v. 19.2-36-g059d049c-0ubuntu1~16.04.1 running 'init' at Fri, 11 Oct 2019 08:36:09 +0000. Up 9.24 seconds.
[    9.645011] cloud-init[980]: ci-info: +++++++++++++++++++++++++++++++++++++Net device info++++++++++++++++++++++++++++++++++++++
[    9.647069] cloud-init[980]: ci-info: +--------+------+---------------------------+---------------+--------+-------------------+
[    9.648963] cloud-init[980]: ci-info: | Device |  Up  |          Address          |      Mask     | Scope  |     Hw-Address    |
[    9.650919] cloud-init[980]: ci-info: +--------+------+---------------------------+---------------+--------+-------------------+
[    9.660706] cloud-init[980]: ci-info: | enp0s3 | True |         10.0.2.15         | 255.255.255.0 | global | 02:0e:9b:2d:5b:92 |
[    9.662826] cloud-init[980]: ci-info: | enp0s3 | True | fe80::e:9bff:fe2d:5b92/64 |       .       |  link  | 02:0e:9b:2d:5b:92 |
[    9.673327] cloud-init[980]: ci-info: |   lo   | True |         127.0.0.1         |   255.0.0.0   |  host  |         .         |
[    9.681105] cloud-init[980]: ci-info: |   lo   | True |          ::1/128          |       .       |  host  |         .         |
[    9.688923] cloud-init[980]: ci-info: +--------+------+---------------------------+---------------+--------+-------------------+
[    9.690965] cloud-init[980]: ci-info: +++++++++++++++++++++++++++Route IPv4 info++++++++++++++++++++++++++++
[    9.692793] cloud-init[980]: ci-info: +-------+-------------+----------+---------------+-----------+-------+
[    9.700601] cloud-init[980]: ci-info: | Route | Destination | Gateway  |    Genmask    | Interface | Flags |
[    9.702514] cloud-init[980]: ci-info: +-------+-------------+----------+---------------+-----------+-------+
[    9.704225] cloud-init[980]: ci-info: |   0   |   0.0.0.0   | 10.0.2.2 |    0.0.0.0    |   enp0s3  |   UG  |
[    9.705857] cloud-init[980]: ci-info: |   1   |   10.0.2.0  | 0.0.0.0  | 255.255.255.0 |   enp0s3  |   U   |
[    9.717431] cloud-init[980]: ci-info: +-------+-------------+----------+---------------+-----------+-------+
[[0;32m  OK  [0m] Started Initial cloud-init job (metadata service crawler).
[[0;32m  OK  [0m] Reached target Network is Online.
[    9.722557] cloud-init[980]: ci-info: +++++++++++++++++++Route IPv6 info+++++++++++++++++++
[    9.732636] cloud-init[980]: ci-info: +-------+-------------+---------+-----------+-------+
[    9.734344] cloud-init[980]: ci-info: | Route | Destination | Gateway | Interface | Flags |
[    9.740538] cloud-init[980]: ci-info: +-------+-------------+---------+-----------+-------+
         Starting iSCSI initiator daemon (iscsid)...
[[0;32m  OK  [0m] Reached target Cloud-config availability.
[[0;32m  OK  [0m] Reached target System Initialization.
[[0;32m  OK  [0m] Started Daily apt download activities.
[[0;32m  OK  [0m] Started Daily apt upgrade and clean activities.
[[0;32m  OK  [0m] Started Daily Cleanup of Temporary Directories.
[[0;32m  OK  [0m] Listening on ACPID Listen Socket.
[[0;32m  OK  [0m] Reached target Timers.
[    9.756002] cloud-init[980]: ci-info: |   0   |  fe80::/64  |    ::   |   enp0s3  |   U   |
[    9.769215] [[0;32m  OK  [0m] Started ACPI Events Check.
[[0;32m  OK  [0m] Reached target Paths.
[[0;32m  OK  [0m] Listening on UUID daemon activation socket.
[[0;32m  OK  [0m] Listening on D-Bus System Message Bus Socket.
         Starting Socket activation for snappy daemon.
         Starting LXD - unix socket.
cloud-init[980]: ci-info: |   3   |   ff00::/8  |    ::   |   enp0s3  |   U   |
[    9.773779] cloud-init[980]: ci-info: +-------+-------------+---------+-----------+-------+
[[0;32m  OK  [0m] Listening on Socket activation for snappy daemon.
[[0;32m  OK  [0m] Listening on LXD - unix socket.
[[0;32m  OK  [0m] Started iSCSI initiator daemon (iscsid).
         Starting Login to default iSCSI targets...
[[0;32m  OK  [0m] Reached target Sockets.
[[0;32m  OK  [0m] Reached target Basic System.
[[0;32m  OK  [0m] Started Regular background program processing daemon.
[[0;32m  OK  [0m] Started ACPI event daemon.
         Starting Accounts Service...
[[0;32m  OK  [0m] Started FUSE filesystem for LXC.
         Starting /etc/rc.local Compatibility...
         Starting Virtualbox guest utils...
[[0;32m  OK  [0m] Started D-Bus System Message Bus.
         Starting Login Service...
         Starting System Logging Service...
         Starting LSB: MD monitoring daemon...
         Starting LSB: Record successful boot for GRUB...
         Starting OpenBSD Secure Shell server...
[[0;32m  OK  [0m] Started Deferred execution scheduler.
         Starting LXD - container startup/shutdown...
         Starting Snappy daemon...
[[0;32m  OK  [0m] Started System Logging Service.
[[0;32m  OK  [0m] Started /etc/rc.local Compatibility.
[[0;32m  OK  [0m] Started OpenBSD Secure Shell server.
[[0;32m  OK  [0m] Started Login to default iSCSI targets.
         Starting Authenticate and Authorize Users to Run Privileged Tasks...
[[0;32m  OK  [0m] Reached target Remote File Systems (Pre).
[[0;32m  OK  [0m] Reached target Remote File Systems.
         Starting LSB: Set the CPU Frequency Scaling governor to "ondemand"...
         Starting Permit User Sessions...
         Starting LSB: daemon to balance interrupts for SMP systems...
         Starting LSB: automatic crash report generation...
[[0;32m  OK  [0m] Started LSB: MD monitoring daemon.
[[0;32m  OK  [0m] Started LSB: Record successful boot for GRUB.
[[0;32m  OK  [0m] Started Permit User Sessions.
[[0;32m  OK  [0m] Started Login Service.
[[0;32m  OK  [0m] Started LXD - container startup/shutdown.
[[0;32m  OK  [0m] Started Authenticate and Authorize Users to Run Privileged Tasks.
[[0;32m  OK  [0m] Started Accounts Service.
[[0;32m  OK  [0m] Started Unattended Upgrades Shutdown.
         Starting Terminate Plymouth Boot Screen...
         Starting Hold until boot process finishes up...
[[0;32m  OK  [0m] Started Virtualbox guest utils.
[[0;32m  OK  [0m] Started LSB: Set the CPU Frequency Scaling governor to "ondemand".
[[0;32m  OK  [0m] Started LSB: daemon to balance interrupts for SMP systems.
[[0;32m  OK  [0m] Started Terminate Plymouth Boot Screen.
[[0;32m  OK  [0m] Started Hold until boot process finishes up.
         Starting Set console scheme...
[[0;32m  OK  [0m] Started Serial Getty on ttyS0.
[[0;32m  OK  [0m] Started Getty on tty1.
[[0;32m  OK  [0m] Reached target Login Prompts.
[[0;32m  OK  [0m] Started LSB: automatic crash report generation.
[[0;32m  OK  [0m] Started Set console scheme.
[[0;32m  OK  [0m] Started Snappy daemon.
         Starting Wait until snapd is fully seeded...
[[0;32m  OK  [0m] Started Wait until snapd is fully seeded.
[[0;32m  OK  [0m] Reached target Multi-User System.
[[0;32m  OK  [0m] Reached target Graphical Interface.
         Starting Update UTMP about System Runlevel Changes...
         Starting Apply the settings specified in cloud-config...
[[0;32m  OK  [0m] Started Update UTMP about System Runlevel Changes.
[[0;32m  OK  [0m] Created slice User Slice of vagrant.
         Starting User Manager for UID 1000...
[[0;32m  OK  [0m] Started Session 1 of user vagrant.
[[0;32m  OK  [0m] Started User Manager for UID 1000.
[   11.314548] cloud-init[1244]: Cloud-init v. 19.2-36-g059d049c-0ubuntu1~16.04.1 running 'modules:config' at Fri, 11 Oct 2019 08:36:11 +0000. Up 11.09 seconds.
[[0;32m  OK  [0m] Started Apply the settings specified in cloud-config.
         Starting Execute cloud user/final scripts...
[   11.877203] cloud-init[1281]: Cloud-init v. 19.2-36-g059d049c-0ubuntu1~16.04.1 running 'modules:final' at Fri, 11 Oct 2019 08:36:11 +0000. Up 11.70 seconds.
[   11.880385] cloud-init[1281]: Cloud-init v. 19.2-36-g059d049c-0ubuntu1~16.04.1 finished at Fri, 11 Oct 2019 08:36:11 +0000. Datasource DataSourceNoCloud [seed=/dev/sdb][dsmode=net].  Up 11.86 seconds
[[0;32m  OK  [0m] Started Execute cloud user/final scripts.
[[0;32m  OK  [0m] Reached target Cloud-init target.

Ubuntu 16.04.6 LTS ubuntu-xenial ttyS0

ubuntu-xenial login: 